[debug] [2020-04-20T17:37:41.146Z] ----------------------------------------------------------------------
[debug] [2020-04-20T17:37:41.148Z] Command:       C:\Program Files\nodejs\node.exe C:\Users\Marysia\AppData\Roaming\npm\node_modules\firebase-tools\lib\bin\firebase.js deploy --debug
[debug] [2020-04-20T17:37:41.149Z] CLI Version:   8.0.3
[debug] [2020-04-20T17:37:41.149Z] Platform:      win32
[debug] [2020-04-20T17:37:41.149Z] Node Version:  v10.16.3
[debug] [2020-04-20T17:37:41.151Z] Time:          Mon Apr 20 2020 19:37:41 GMT+0200 (Central European Summer Time)
[debug] [2020-04-20T17:37:41.151Z] ----------------------------------------------------------------------
[debug] [2020-04-20T17:37:41.151Z] 
[debug] [2020-04-20T17:37:41.160Z] > command requires scopes: ["email","openid","https://www.googleapis.com/auth/cloudplatformprojects.readonly","https://www.googleapis.com/auth/firebase","https://www.googleapis.com/auth/cloud-platform"]
[debug] [2020-04-20T17:37:41.163Z] > authorizing via signed-in user
[debug] [2020-04-20T17:37:41.163Z] [iam] checking project natural-beauty-shop for permissions ["cloudfunctions.functions.create","cloudfunctions.functions.delete","cloudfunctions.functions.get","cloudfunctions.functions.list","cloudfunctions.functions.update","cloudfunctions.operations.get","firebase.projects.get","firebasehosting.sites.update"]
[debug] [2020-04-20T17:37:41.168Z] >>> HTTP REQUEST POST https://cloudresourcemanager.googleapis.com/v1/projects/natural-beauty-shop:testIamPermissions  
 {"permissions":["cloudfunctions.functions.create","cloudfunctions.functions.delete","cloudfunctions.functions.get","cloudfunctions.functions.list","cloudfunctions.functions.update","cloudfunctions.operations.get","firebase.projects.get","firebasehosting.sites.update"]}
[debug] [2020-04-20T17:37:42.345Z] <<< HTTP RESPONSE 200 {"content-type":"application/json; charset=UTF-8","vary":"X-Origin, Referer, Origin,Accept-Encoding","date":"Mon, 20 Apr 2020 17:37:41 GMT","server":"ESF","cache-control":"private","x-xss-protection":"0","x-frame-options":"SAMEORIGIN","x-content-type-options":"nosniff","server-timing":"gfet4t7; dur=877","alt-svc":"quic=\":443\"; ma=2592000; v=\"46,43\",h3-Q050=\":443\"; ma=2592000,h3-Q049=\":443\"; ma=2592000,h3-Q048=\":443\"; ma=2592000,h3-Q046=\":443\"; ma=2592000,h3-Q043=\":443\"; ma=2592000,h3-T050=\":443\"; ma=2592000","accept-ranges":"none","transfer-encoding":"chunked"}
[debug] [2020-04-20T17:37:42.347Z] >>> HTTP REQUEST POST https://iam.googleapis.com/v1/projects/natural-beauty-shop/serviceAccounts/natural-beauty-shop@appspot.gserviceaccount.com:testIamPermissions  
 {"permissions":["iam.serviceAccounts.actAs"]}
[debug] [2020-04-20T17:37:43.414Z] <<< HTTP RESPONSE 200 {"content-type":"application/json; charset=UTF-8","vary":"X-Origin, Referer, Origin,Accept-Encoding","date":"Mon, 20 Apr 2020 17:37:42 GMT","server":"ESF","cache-control":"private","x-xss-protection":"0","x-frame-options":"SAMEORIGIN","x-content-type-options":"nosniff","alt-svc":"quic=\":443\"; ma=2592000; v=\"46,43\",h3-Q050=\":443\"; ma=2592000,h3-Q049=\":443\"; ma=2592000,h3-Q048=\":443\"; ma=2592000,h3-Q046=\":443\"; ma=2592000,h3-Q043=\":443\"; ma=2592000,h3-T050=\":443\"; ma=2592000","accept-ranges":"none","transfer-encoding":"chunked"}
[debug] [2020-04-20T17:37:43.424Z] >>> HTTP REQUEST GET https://firebase.googleapis.com/v1beta1/projects/natural-beauty-shop  
 
[debug] [2020-04-20T17:37:43.734Z] <<< HTTP RESPONSE 200 {"content-type":"application/json; charset=UTF-8","vary":"X-Origin, Referer, Origin,Accept-Encoding","date":"Mon, 20 Apr 2020 17:37:43 GMT","server":"ESF","cache-control":"private","x-xss-protection":"0","x-frame-options":"SAMEORIGIN","x-content-type-options":"nosniff","alt-svc":"quic=\":443\"; ma=2592000; v=\"46,43\",h3-Q050=\":443\"; ma=2592000,h3-Q049=\":443\"; ma=2592000,h3-Q048=\":443\"; ma=2592000,h3-Q046=\":443\"; ma=2592000,h3-Q043=\":443\"; ma=2592000,h3-T050=\":443\"; ma=2592000","accept-ranges":"none","transfer-encoding":"chunked"}
[info] 
[info] === Deploying to 'natural-beauty-shop'...
[info] 
[info] i  deploying functions, hosting
[info] Running command: npm --prefix "$RESOURCE_DIR" run lint
[info] +  functions: Finished running predeploy script.
[debug] [2020-04-20T17:37:47.901Z] > [functions] package.json contents: {
  "name": "functions",
  "description": "Cloud Functions for Firebase",
  "scripts": {
    "lint": "eslint .",
    "serve": "firebase emulators:start --only functions",
    "shell": "firebase functions:shell",
    "start": "npm run shell",
    "deploy": "firebase deploy --only functions",
    "logs": "firebase functions:log"
  },
  "engines": {
    "node": "8"
  },
  "dependencies": {
    "firebase-admin": "^8.9.0",
    "firebase-functions": "^3.3.0"
  },
  "devDependencies": {
    "eslint": "^5.12.0",
    "eslint-plugin-promise": "^4.0.1",
    "firebase-functions-test": "^0.1.6"
  },
  "private": true
}
[info] i  functions: ensuring necessary APIs are enabled...
[debug] [2020-04-20T17:37:47.905Z] >>> HTTP REQUEST GET https://serviceusage.googleapis.com/v1/projects/natural-beauty-shop/services/cloudfunctions.googleapis.com  
 
[debug] [2020-04-20T17:37:47.906Z] >>> HTTP REQUEST GET https://serviceusage.googleapis.com/v1/projects/natural-beauty-shop/services/runtimeconfig.googleapis.com  
 
[debug] [2020-04-20T17:37:48.913Z] <<< HTTP RESPONSE 200 {"content-type":"application/json; charset=UTF-8","vary":"X-Origin, Referer, Origin,Accept-Encoding","date":"Mon, 20 Apr 2020 17:37:48 GMT","server":"ESF","cache-control":"private","x-xss-protection":"0","x-frame-options":"SAMEORIGIN","x-content-type-options":"nosniff","alt-svc":"quic=\":443\"; ma=2592000; v=\"46,43\",h3-Q050=\":443\"; ma=2592000,h3-Q049=\":443\"; ma=2592000,h3-Q048=\":443\"; ma=2592000,h3-Q046=\":443\"; ma=2592000,h3-Q043=\":443\"; ma=2592000,h3-T050=\":443\"; ma=2592000","accept-ranges":"none","transfer-encoding":"chunked"}
[debug] [2020-04-20T17:37:48.925Z] <<< HTTP RESPONSE 200 {"content-type":"application/json; charset=UTF-8","vary":"X-Origin, Referer, Origin,Accept-Encoding","date":"Mon, 20 Apr 2020 17:37:48 GMT","server":"ESF","cache-control":"private","x-xss-protection":"0","x-frame-options":"SAMEORIGIN","x-content-type-options":"nosniff","alt-svc":"quic=\":443\"; ma=2592000; v=\"46,43\",h3-Q050=\":443\"; ma=2592000,h3-Q049=\":443\"; ma=2592000,h3-Q048=\":443\"; ma=2592000,h3-Q046=\":443\"; ma=2592000,h3-Q043=\":443\"; ma=2592000,h3-T050=\":443\"; ma=2592000","accept-ranges":"none","transfer-encoding":"chunked"}
[info] +  functions: all necessary APIs are enabled
[debug] [2020-04-20T17:37:48.927Z] >>> HTTP REQUEST GET https://firebase.googleapis.com/v1beta1/projects/natural-beauty-shop/adminSdkConfig  
 
[debug] [2020-04-20T17:37:49.213Z] <<< HTTP RESPONSE 200 {"content-type":"application/json; charset=UTF-8","vary":"X-Origin, Referer, Origin,Accept-Encoding","date":"Mon, 20 Apr 2020 17:37:48 GMT","server":"ESF","cache-control":"private","x-xss-protection":"0","x-frame-options":"SAMEORIGIN","x-content-type-options":"nosniff","alt-svc":"quic=\":443\"; ma=2592000; v=\"46,43\",h3-Q050=\":443\"; ma=2592000,h3-Q049=\":443\"; ma=2592000,h3-Q048=\":443\"; ma=2592000,h3-Q046=\":443\"; ma=2592000,h3-Q043=\":443\"; ma=2592000,h3-T050=\":443\"; ma=2592000","accept-ranges":"none","transfer-encoding":"chunked"}
[debug] [2020-04-20T17:37:49.217Z] >>> HTTP REQUEST POST https://firebasehosting.googleapis.com/v1beta1/sites/natural-beauty-shop/versions  
 {"config":{"rewrites":[{"glob":"/api/**","function":"app"},{"glob":"*","path":"client/build/index.html"}]},"labels":{"deployment-tool":"cli-firebase"}}
[debug] [2020-04-20T17:37:50.913Z] <<< HTTP RESPONSE 200 {"content-type":"application/json; charset=UTF-8","vary":"X-Origin, Referer, Origin,Accept-Encoding","date":"Mon, 20 Apr 2020 17:37:50 GMT","server":"ESF","cache-control":"private","x-xss-protection":"0","x-frame-options":"SAMEORIGIN","x-content-type-options":"nosniff","alt-svc":"quic=\":443\"; ma=2592000; v=\"46,43\",h3-Q050=\":443\"; ma=2592000,h3-Q049=\":443\"; ma=2592000,h3-Q048=\":443\"; ma=2592000,h3-Q046=\":443\"; ma=2592000,h3-Q043=\":443\"; ma=2592000,h3-T050=\":443\"; ma=2592000","accept-ranges":"none","transfer-encoding":"chunked"}
[info] i  functions: preparing functions directory for uploading...
[debug] [2020-04-20T17:37:50.918Z] >>> HTTP REQUEST GET https://runtimeconfig.googleapis.com/v1beta1/projects/natural-beauty-shop/configs  
 
[debug] [2020-04-20T17:37:52.032Z] <<< HTTP RESPONSE 200 {"content-type":"application/json; charset=UTF-8","vary":"X-Origin, Referer, Origin,Accept-Encoding","date":"Mon, 20 Apr 2020 17:37:51 GMT","server":"ESF","cache-control":"private","x-xss-protection":"0","x-frame-options":"SAMEORIGIN","x-content-type-options":"nosniff","alt-svc":"quic=\":443\"; ma=2592000; v=\"46,43\",h3-Q050=\":443\"; ma=2592000,h3-Q049=\":443\"; ma=2592000,h3-Q048=\":443\"; ma=2592000,h3-Q046=\":443\"; ma=2592000,h3-Q043=\":443\"; ma=2592000,h3-T050=\":443\"; ma=2592000","accept-ranges":"none","transfer-encoding":"chunked"}
[info] i  functions: packaged functions (40.37 KB) for uploading
[debug] [2020-04-20T17:37:53.170Z] >>> HTTP REQUEST GET https://cloudfunctions.googleapis.com/v1/projects/natural-beauty-shop/locations/-/functions  
 
[debug] [2020-04-20T17:37:53.843Z] <<< HTTP RESPONSE 200 {"content-type":"application/json; charset=UTF-8","vary":"X-Origin, Referer, Origin,Accept-Encoding","date":"Mon, 20 Apr 2020 17:37:53 GMT","server":"ESF","cache-control":"private","x-xss-protection":"0","x-frame-options":"SAMEORIGIN","x-content-type-options":"nosniff","alt-svc":"quic=\":443\"; ma=2592000; v=\"46,43\",h3-Q050=\":443\"; ma=2592000,h3-Q049=\":443\"; ma=2592000,h3-Q048=\":443\"; ma=2592000,h3-Q046=\":443\"; ma=2592000,h3-Q043=\":443\"; ma=2592000,h3-T050=\":443\"; ma=2592000","accept-ranges":"none","transfer-encoding":"chunked"}
[debug] [2020-04-20T17:37:53.847Z] [functions] found 1 new HTTP functions, testing setIamPolicy permission...
[debug] [2020-04-20T17:37:53.848Z] >>> HTTP REQUEST POST https://cloudresourcemanager.googleapis.com/v1/projects/natural-beauty-shop:testIamPermissions  
 {"permissions":["cloudfunctions.functions.setIamPolicy"]}
[debug] [2020-04-20T17:37:54.082Z] <<< HTTP RESPONSE 200 {"content-type":"application/json; charset=UTF-8","vary":"X-Origin, Referer, Origin,Accept-Encoding","date":"Mon, 20 Apr 2020 17:37:53 GMT","server":"ESF","cache-control":"private","x-xss-protection":"0","x-frame-options":"SAMEORIGIN","x-content-type-options":"nosniff","server-timing":"gfet4t7; dur=147","alt-svc":"quic=\":443\"; ma=2592000; v=\"46,43\",h3-Q050=\":443\"; ma=2592000,h3-Q049=\":443\"; ma=2592000,h3-Q048=\":443\"; ma=2592000,h3-Q046=\":443\"; ma=2592000,h3-Q043=\":443\"; ma=2592000,h3-T050=\":443\"; ma=2592000","accept-ranges":"none","transfer-encoding":"chunked"}
[debug] [2020-04-20T17:37:54.083Z] [functions] found setIamPolicy permission, proceeding with deploy
[debug] [2020-04-20T17:37:54.086Z] >>> HTTP REQUEST POST https://cloudfunctions.googleapis.com/v1/projects/natural-beauty-shop/locations/us-central1/functions:generateUploadUrl  
 
[debug] [2020-04-20T17:37:54.882Z] <<< HTTP RESPONSE 200 {"content-type":"application/json; charset=UTF-8","vary":"X-Origin, Referer, Origin,Accept-Encoding","date":"Mon, 20 Apr 2020 17:37:54 GMT","server":"ESF","cache-control":"private","x-xss-protection":"0","x-frame-options":"SAMEORIGIN","x-content-type-options":"nosniff","alt-svc":"quic=\":443\"; ma=2592000; v=\"46,43\",h3-Q050=\":443\"; ma=2592000,h3-Q049=\":443\"; ma=2592000,h3-Q048=\":443\"; ma=2592000,h3-Q046=\":443\"; ma=2592000,h3-Q043=\":443\"; ma=2592000,h3-T050=\":443\"; ma=2592000","accept-ranges":"none","transfer-encoding":"chunked"}
[debug] [2020-04-20T17:37:54.885Z] >>> HTTP REQUEST PUT https://storage.googleapis.com/gcf-upload-us-central1-477616be-b5a3-49a5-9617-36de152730d2/551bfed9-2fa6-4356-b7de-994ed589e81a.zip?GoogleAccessId=service-890354051631@gcf-admin-robot.iam.gserviceaccount.com&Expires=1587406074&Signature=QDuEIlCF6mU0ELSOsANFLuryIlmNRb6Uyl0swMZ19DpbmJbX1UBPXZOs8Z4V7xCfwLd5OfYilVs8LRlALy5Ek84bvAfUjPMDVssOMPYQkWIgf1J%2FdvP5KqN1OVriQ68J7fqEhKQwDOzBJNIoZhfmikSyct%2Bqm42ZahsQTDoUbX8IB8rJKAhqVZDiT8AYUJxUezg6O3QHmyLDh%2FtCHbt7ZpLw%2BJyvIS5E3Hxt%2BACAsY2xQ%2BCChpC6zl0%2BPYbH6TBmsx58AS5WoWBWGzCwJQw6sVhHENrrssEWgAELsbGAfm8IaWak5oK3C4NmUPmLxfJ01it83kzkLsOnQBPPC6gVKg%3D%3D  
 <request body omitted>
[debug] [2020-04-20T17:37:55.187Z] <<< HTTP RESPONSE 200 {"x-guploader-uploadid":"AAANsUlWJlg0zihW2NL6bR-E589EV0HIAjfwfvN_1ktzBHWHuiZRDlVTQ8aulmAp2lVvnxLAYFSqoQ_nazodnESwrw","etag":"\"eacf43516f76146bbc0f89f4473f0453\"","x-goog-generation":"1587404274618574","x-goog-metageneration":"1","x-goog-hash":"crc32c=hTeEqg==, md5=6s9DUW92FGu8D4n0Rz8EUw==","x-goog-stored-content-length":"41338","x-goog-stored-content-encoding":"identity","vary":"Origin","content-length":"0","date":"Mon, 20 Apr 2020 17:37:54 GMT","server":"UploadServer","content-type":"text/html; charset=UTF-8","alt-svc":"quic=\":443\"; ma=2592000; v=\"46,43\",h3-Q050=\":443\"; ma=2592000,h3-Q049=\":443\"; ma=2592000,h3-Q048=\":443\"; ma=2592000,h3-Q046=\":443\"; ma=2592000,h3-Q043=\":443\"; ma=2592000,h3-T050=\":443\"; ma=2592000"}
[info] +  functions: functions folder uploaded successfully
[info] i  hosting[natural-beauty-shop]: beginning deploy...
[info] i  hosting[natural-beauty-shop]: found 14 files in client/build
[debug] [2020-04-20T17:37:55.211Z] [hosting] hash cache [Y2xpZW50XGJ1aWxk] stored for 14 files
[debug] [2020-04-20T17:37:55.222Z] [hosting][hash queue][FINAL] {"max":2,"min":0,"avg":0,"active":0,"complete":14,"success":14,"errored":0,"retried":0,"total":14,"elapsed":17}
[debug] [2020-04-20T17:37:55.223Z] >>> HTTP REQUEST POST https://firebasehosting.googleapis.com/v1beta1/sites/natural-beauty-shop/versions/71c62d5b491e1008:populateFiles  
 <request body omitted>
[debug] [2020-04-20T17:37:56.452Z] <<< HTTP RESPONSE 200 {"content-type":"application/json; charset=UTF-8","vary":"X-Origin, Referer, Origin,Accept-Encoding","date":"Mon, 20 Apr 2020 17:37:55 GMT","server":"ESF","cache-control":"private","x-xss-protection":"0","x-frame-options":"SAMEORIGIN","x-content-type-options":"nosniff","alt-svc":"quic=\":443\"; ma=2592000; v=\"46,43\",h3-Q050=\":443\"; ma=2592000,h3-Q049=\":443\"; ma=2592000,h3-Q048=\":443\"; ma=2592000,h3-Q046=\":443\"; ma=2592000,h3-Q043=\":443\"; ma=2592000,h3-T050=\":443\"; ma=2592000","accept-ranges":"none","transfer-encoding":"chunked"}
[debug] [2020-04-20T17:37:56.455Z] [hosting][populate queue][FINAL] {"max":1247,"min":1247,"avg":1247,"active":0,"complete":1,"success":1,"errored":0,"retried":0,"total":1,"elapsed":1247}
[debug] [2020-04-20T17:37:56.455Z] [hosting] uploads queued: 0
[debug] [2020-04-20T17:37:56.456Z] [hosting][upload queue][FINAL] {"max":0,"min":9999999999,"avg":0,"active":0,"complete":0,"success":0,"errored":0,"retried":0,"total":0,"elapsed":1587404276456}
[info] +  hosting[natural-beauty-shop]: file upload complete
[debug] [2020-04-20T17:37:56.458Z] [hosting] deploy completed after 1266ms
[info] i  functions: creating Node.js 8 function app(us-central1)...
[debug] [2020-04-20T17:37:56.555Z] Trigger is:  {"httpsTrigger":{}}
[debug] [2020-04-20T17:37:56.556Z] >>> HTTP REQUEST GET https://serviceusage.googleapis.com/v1/projects/natural-beauty-shop/services/cloudscheduler.googleapis.com  
 
[debug] [2020-04-20T17:37:57.545Z] <<< HTTP RESPONSE 200 {"content-type":"application/json; charset=UTF-8","vary":"X-Origin, Referer, Origin,Accept-Encoding","date":"Mon, 20 Apr 2020 17:37:56 GMT","server":"ESF","cache-control":"private","x-xss-protection":"0","x-frame-options":"SAMEORIGIN","x-content-type-options":"nosniff","alt-svc":"quic=\":443\"; ma=2592000; v=\"46,43\",h3-Q050=\":443\"; ma=2592000,h3-Q049=\":443\"; ma=2592000,h3-Q048=\":443\"; ma=2592000,h3-Q046=\":443\"; ma=2592000,h3-Q043=\":443\"; ma=2592000,h3-T050=\":443\"; ma=2592000","accept-ranges":"none","transfer-encoding":"chunked"}
[debug] [2020-04-20T17:37:57.549Z] >>> HTTP REQUEST POST https://cloudfunctions.googleapis.com/v1/projects/natural-beauty-shop/locations/us-central1/functions  
 {"sourceUploadUrl":"https://storage.googleapis.com/gcf-upload-us-central1-477616be-b5a3-49a5-9617-36de152730d2/551bfed9-2fa6-4356-b7de-994ed589e81a.zip?GoogleAccessId=service-890354051631@gcf-admin-robot.iam.gserviceaccount.com&Expires=1587406074&Signature=QDuEIlCF6mU0ELSOsANFLuryIlmNRb6Uyl0swMZ19DpbmJbX1UBPXZOs8Z4V7xCfwLd5OfYilVs8LRlALy5Ek84bvAfUjPMDVssOMPYQkWIgf1J%2FdvP5KqN1OVriQ68J7fqEhKQwDOzBJNIoZhfmikSyct%2Bqm42ZahsQTDoUbX8IB8rJKAhqVZDiT8AYUJxUezg6O3QHmyLDh%2FtCHbt7ZpLw%2BJyvIS5E3Hxt%2BACAsY2xQ%2BCChpC6zl0%2BPYbH6TBmsx58AS5WoWBWGzCwJQw6sVhHENrrssEWgAELsbGAfm8IaWak5oK3C4NmUPmLxfJ01it83kzkLsOnQBPPC6gVKg%3D%3D","name":"projects/natural-beauty-shop/locations/us-central1/functions/app","entryPoint":"app","labels":{"deployment-tool":"cli-firebase"},"runtime":"nodejs8","httpsTrigger":{}}
[debug] [2020-04-20T17:37:58.094Z] <<< HTTP RESPONSE 200 {"content-type":"application/json; charset=UTF-8","vary":"X-Origin, Referer, Origin,Accept-Encoding","date":"Mon, 20 Apr 2020 17:37:57 GMT","server":"ESF","cache-control":"private","x-xss-protection":"0","x-frame-options":"SAMEORIGIN","x-content-type-options":"nosniff","alt-svc":"quic=\":443\"; ma=2592000; v=\"46,43\",h3-Q050=\":443\"; ma=2592000,h3-Q049=\":443\"; ma=2592000,h3-Q048=\":443\"; ma=2592000,h3-Q046=\":443\"; ma=2592000,h3-Q043=\":443\"; ma=2592000,h3-T050=\":443\"; ma=2592000","accept-ranges":"none","transfer-encoding":"chunked"}
[debug] [2020-04-20T17:37:58.098Z] Setting public policy for function app
[debug] [2020-04-20T17:37:58.100Z] >>> HTTP REQUEST POST https://cloudfunctions.googleapis.com/v1/projects/natural-beauty-shop/locations/us-central1/functions/app:setIamPolicy  
 {"policy":{"version":3,"bindings":[{"role":"roles/cloudfunctions.invoker","members":["allUsers"]}]},"updateMask":"version,bindings"}
[debug] [2020-04-20T17:37:58.772Z] <<< HTTP RESPONSE 200 {"content-type":"application/json; charset=UTF-8","vary":"X-Origin, Referer, Origin,Accept-Encoding","date":"Mon, 20 Apr 2020 17:37:58 GMT","server":"ESF","cache-control":"private","x-xss-protection":"0","x-frame-options":"SAMEORIGIN","x-content-type-options":"nosniff","alt-svc":"quic=\":443\"; ma=2592000; v=\"46,43\",h3-Q050=\":443\"; ma=2592000,h3-Q049=\":443\"; ma=2592000,h3-Q048=\":443\"; ma=2592000,h3-Q046=\":443\"; ma=2592000,h3-Q043=\":443\"; ma=2592000,h3-T050=\":443\"; ma=2592000","accept-ranges":"none","transfer-encoding":"chunked"}
[debug] [2020-04-20T17:37:58.774Z] >>> HTTP REQUEST GET https://cloudfunctions.googleapis.com/v1/projects/natural-beauty-shop/locations/-/functions  
 
[debug] [2020-04-20T17:37:59.462Z] <<< HTTP RESPONSE 200 {"content-type":"application/json; charset=UTF-8","vary":"X-Origin, Referer, Origin,Accept-Encoding","date":"Mon, 20 Apr 2020 17:37:58 GMT","server":"ESF","cache-control":"private","x-xss-protection":"0","x-frame-options":"SAMEORIGIN","x-content-type-options":"nosniff","alt-svc":"quic=\":443\"; ma=2592000; v=\"46,43\",h3-Q050=\":443\"; ma=2592000,h3-Q049=\":443\"; ma=2592000,h3-Q048=\":443\"; ma=2592000,h3-Q046=\":443\"; ma=2592000,h3-Q043=\":443\"; ma=2592000,h3-T050=\":443\"; ma=2592000","accept-ranges":"none","transfer-encoding":"chunked"}
[debug] [2020-04-20T17:37:59.464Z] >>> HTTP REQUEST GET https://cloudfunctions.googleapis.com/v1/operations/bmF0dXJhbC1iZWF1dHktc2hvcC91cy1jZW50cmFsMS9hcHAvemhLUlZvYkZodEE  
 
[debug] [2020-04-20T17:37:59.962Z] <<< HTTP RESPONSE 200 {"content-type":"application/json; charset=UTF-8","vary":"X-Origin, Referer, Origin,Accept-Encoding","date":"Mon, 20 Apr 2020 17:37:59 GMT","server":"ESF","cache-control":"private","x-xss-protection":"0","x-frame-options":"SAMEORIGIN","x-content-type-options":"nosniff","alt-svc":"quic=\":443\"; ma=2592000; v=\"46,43\",h3-Q050=\":443\"; ma=2592000,h3-Q049=\":443\"; ma=2592000,h3-Q048=\":443\"; ma=2592000,h3-Q046=\":443\"; ma=2592000,h3-Q043=\":443\"; ma=2592000,h3-T050=\":443\"; ma=2592000","accept-ranges":"none","transfer-encoding":"chunked"}
[debug] [2020-04-20T17:38:01.966Z] >>> HTTP REQUEST GET https://cloudfunctions.googleapis.com/v1/operations/bmF0dXJhbC1iZWF1dHktc2hvcC91cy1jZW50cmFsMS9hcHAvemhLUlZvYkZodEE  
 
[debug] [2020-04-20T17:38:02.461Z] <<< HTTP RESPONSE 200 {"content-type":"application/json; charset=UTF-8","vary":"X-Origin, Referer, Origin,Accept-Encoding","date":"Mon, 20 Apr 2020 17:38:01 GMT","server":"ESF","cache-control":"private","x-xss-protection":"0","x-frame-options":"SAMEORIGIN","x-content-type-options":"nosniff","alt-svc":"quic=\":443\"; ma=2592000; v=\"46,43\",h3-Q050=\":443\"; ma=2592000,h3-Q049=\":443\"; ma=2592000,h3-Q048=\":443\"; ma=2592000,h3-Q046=\":443\"; ma=2592000,h3-Q043=\":443\"; ma=2592000,h3-T050=\":443\"; ma=2592000","accept-ranges":"none","transfer-encoding":"chunked"}
[debug] [2020-04-20T17:38:04.469Z] >>> HTTP REQUEST GET https://cloudfunctions.googleapis.com/v1/operations/bmF0dXJhbC1iZWF1dHktc2hvcC91cy1jZW50cmFsMS9hcHAvemhLUlZvYkZodEE  
 
[debug] [2020-04-20T17:38:04.986Z] <<< HTTP RESPONSE 200 {"content-type":"application/json; charset=UTF-8","vary":"X-Origin, Referer, Origin,Accept-Encoding","date":"Mon, 20 Apr 2020 17:38:04 GMT","server":"ESF","cache-control":"private","x-xss-protection":"0","x-frame-options":"SAMEORIGIN","x-content-type-options":"nosniff","alt-svc":"quic=\":443\"; ma=2592000; v=\"46,43\",h3-Q050=\":443\"; ma=2592000,h3-Q049=\":443\"; ma=2592000,h3-Q048=\":443\"; ma=2592000,h3-Q046=\":443\"; ma=2592000,h3-Q043=\":443\"; ma=2592000,h3-T050=\":443\"; ma=2592000","accept-ranges":"none","transfer-encoding":"chunked"}
[debug] [2020-04-20T17:38:06.987Z] >>> HTTP REQUEST GET https://cloudfunctions.googleapis.com/v1/operations/bmF0dXJhbC1iZWF1dHktc2hvcC91cy1jZW50cmFsMS9hcHAvemhLUlZvYkZodEE  
 
[debug] [2020-04-20T17:38:07.510Z] <<< HTTP RESPONSE 200 {"content-type":"application/json; charset=UTF-8","vary":"X-Origin, Referer, Origin,Accept-Encoding","date":"Mon, 20 Apr 2020 17:38:06 GMT","server":"ESF","cache-control":"private","x-xss-protection":"0","x-frame-options":"SAMEORIGIN","x-content-type-options":"nosniff","alt-svc":"quic=\":443\"; ma=2592000; v=\"46,43\",h3-Q050=\":443\"; ma=2592000,h3-Q049=\":443\"; ma=2592000,h3-Q048=\":443\"; ma=2592000,h3-Q046=\":443\"; ma=2592000,h3-Q043=\":443\"; ma=2592000,h3-T050=\":443\"; ma=2592000","accept-ranges":"none","transfer-encoding":"chunked"}
[debug] [2020-04-20T17:38:09.514Z] >>> HTTP REQUEST GET https://cloudfunctions.googleapis.com/v1/operations/bmF0dXJhbC1iZWF1dHktc2hvcC91cy1jZW50cmFsMS9hcHAvemhLUlZvYkZodEE  
 
[debug] [2020-04-20T17:38:10.036Z] <<< HTTP RESPONSE 200 {"content-type":"application/json; charset=UTF-8","vary":"X-Origin, Referer, Origin,Accept-Encoding","date":"Mon, 20 Apr 2020 17:38:09 GMT","server":"ESF","cache-control":"private","x-xss-protection":"0","x-frame-options":"SAMEORIGIN","x-content-type-options":"nosniff","alt-svc":"quic=\":443\"; ma=2592000; v=\"46,43\",h3-Q050=\":443\"; ma=2592000,h3-Q049=\":443\"; ma=2592000,h3-Q048=\":443\"; ma=2592000,h3-Q046=\":443\"; ma=2592000,h3-Q043=\":443\"; ma=2592000,h3-T050=\":443\"; ma=2592000","accept-ranges":"none","transfer-encoding":"chunked"}
[debug] [2020-04-20T17:38:12.041Z] >>> HTTP REQUEST GET https://cloudfunctions.googleapis.com/v1/operations/bmF0dXJhbC1iZWF1dHktc2hvcC91cy1jZW50cmFsMS9hcHAvemhLUlZvYkZodEE  
 
[debug] [2020-04-20T17:38:12.550Z] <<< HTTP RESPONSE 200 {"content-type":"application/json; charset=UTF-8","vary":"X-Origin, Referer, Origin,Accept-Encoding","date":"Mon, 20 Apr 2020 17:38:12 GMT","server":"ESF","cache-control":"private","x-xss-protection":"0","x-frame-options":"SAMEORIGIN","x-content-type-options":"nosniff","alt-svc":"quic=\":443\"; ma=2592000; v=\"46,43\",h3-Q050=\":443\"; ma=2592000,h3-Q049=\":443\"; ma=2592000,h3-Q048=\":443\"; ma=2592000,h3-Q046=\":443\"; ma=2592000,h3-Q043=\":443\"; ma=2592000,h3-T050=\":443\"; ma=2592000","accept-ranges":"none","transfer-encoding":"chunked"}
[debug] [2020-04-20T17:38:14.559Z] >>> HTTP REQUEST GET https://cloudfunctions.googleapis.com/v1/operations/bmF0dXJhbC1iZWF1dHktc2hvcC91cy1jZW50cmFsMS9hcHAvemhLUlZvYkZodEE  
 
[debug] [2020-04-20T17:38:15.063Z] <<< HTTP RESPONSE 200 {"content-type":"application/json; charset=UTF-8","vary":"X-Origin, Referer, Origin,Accept-Encoding","date":"Mon, 20 Apr 2020 17:38:14 GMT","server":"ESF","cache-control":"private","x-xss-protection":"0","x-frame-options":"SAMEORIGIN","x-content-type-options":"nosniff","alt-svc":"quic=\":443\"; ma=2592000; v=\"46,43\",h3-Q050=\":443\"; ma=2592000,h3-Q049=\":443\"; ma=2592000,h3-Q048=\":443\"; ma=2592000,h3-Q046=\":443\"; ma=2592000,h3-Q043=\":443\"; ma=2592000,h3-T050=\":443\"; ma=2592000","accept-ranges":"none","transfer-encoding":"chunked"}
[debug] [2020-04-20T17:38:17.066Z] >>> HTTP REQUEST GET https://cloudfunctions.googleapis.com/v1/operations/bmF0dXJhbC1iZWF1dHktc2hvcC91cy1jZW50cmFsMS9hcHAvemhLUlZvYkZodEE  
 
[debug] [2020-04-20T17:38:17.581Z] <<< HTTP RESPONSE 200 {"content-type":"application/json; charset=UTF-8","vary":"X-Origin, Referer, Origin,Accept-Encoding","date":"Mon, 20 Apr 2020 17:38:17 GMT","server":"ESF","cache-control":"private","x-xss-protection":"0","x-frame-options":"SAMEORIGIN","x-content-type-options":"nosniff","alt-svc":"quic=\":443\"; ma=2592000; v=\"46,43\",h3-Q050=\":443\"; ma=2592000,h3-Q049=\":443\"; ma=2592000,h3-Q048=\":443\"; ma=2592000,h3-Q046=\":443\"; ma=2592000,h3-Q043=\":443\"; ma=2592000,h3-T050=\":443\"; ma=2592000","accept-ranges":"none","transfer-encoding":"chunked"}
[debug] [2020-04-20T17:38:19.586Z] >>> HTTP REQUEST GET https://cloudfunctions.googleapis.com/v1/operations/bmF0dXJhbC1iZWF1dHktc2hvcC91cy1jZW50cmFsMS9hcHAvemhLUlZvYkZodEE  
 
[debug] [2020-04-20T17:38:20.071Z] <<< HTTP RESPONSE 200 {"content-type":"application/json; charset=UTF-8","vary":"X-Origin, Referer, Origin,Accept-Encoding","date":"Mon, 20 Apr 2020 17:38:19 GMT","server":"ESF","cache-control":"private","x-xss-protection":"0","x-frame-options":"SAMEORIGIN","x-content-type-options":"nosniff","alt-svc":"quic=\":443\"; ma=2592000; v=\"46,43\",h3-Q050=\":443\"; ma=2592000,h3-Q049=\":443\"; ma=2592000,h3-Q048=\":443\"; ma=2592000,h3-Q046=\":443\"; ma=2592000,h3-Q043=\":443\"; ma=2592000,h3-T050=\":443\"; ma=2592000","accept-ranges":"none","transfer-encoding":"chunked"}
[debug] [2020-04-20T17:38:22.072Z] >>> HTTP REQUEST GET https://cloudfunctions.googleapis.com/v1/operations/bmF0dXJhbC1iZWF1dHktc2hvcC91cy1jZW50cmFsMS9hcHAvemhLUlZvYkZodEE  
 
[debug] [2020-04-20T17:38:22.563Z] <<< HTTP RESPONSE 200 {"content-type":"application/json; charset=UTF-8","vary":"X-Origin, Referer, Origin,Accept-Encoding","date":"Mon, 20 Apr 2020 17:38:22 GMT","server":"ESF","cache-control":"private","x-xss-protection":"0","x-frame-options":"SAMEORIGIN","x-content-type-options":"nosniff","alt-svc":"quic=\":443\"; ma=2592000; v=\"46,43\",h3-Q050=\":443\"; ma=2592000,h3-Q049=\":443\"; ma=2592000,h3-Q048=\":443\"; ma=2592000,h3-Q046=\":443\"; ma=2592000,h3-Q043=\":443\"; ma=2592000,h3-T050=\":443\"; ma=2592000","accept-ranges":"none","transfer-encoding":"chunked"}
[debug] [2020-04-20T17:38:24.564Z] >>> HTTP REQUEST GET https://cloudfunctions.googleapis.com/v1/operations/bmF0dXJhbC1iZWF1dHktc2hvcC91cy1jZW50cmFsMS9hcHAvemhLUlZvYkZodEE  
 
[debug] [2020-04-20T17:38:25.068Z] <<< HTTP RESPONSE 200 {"content-type":"application/json; charset=UTF-8","vary":"X-Origin, Referer, Origin,Accept-Encoding","date":"Mon, 20 Apr 2020 17:38:24 GMT","server":"ESF","cache-control":"private","x-xss-protection":"0","x-frame-options":"SAMEORIGIN","x-content-type-options":"nosniff","alt-svc":"quic=\":443\"; ma=2592000; v=\"46,43\",h3-Q050=\":443\"; ma=2592000,h3-Q049=\":443\"; ma=2592000,h3-Q048=\":443\"; ma=2592000,h3-Q046=\":443\"; ma=2592000,h3-Q043=\":443\"; ma=2592000,h3-T050=\":443\"; ma=2592000","accept-ranges":"none","transfer-encoding":"chunked"}
[debug] [2020-04-20T17:38:27.072Z] >>> HTTP REQUEST GET https://cloudfunctions.googleapis.com/v1/operations/bmF0dXJhbC1iZWF1dHktc2hvcC91cy1jZW50cmFsMS9hcHAvemhLUlZvYkZodEE  
 
[debug] [2020-04-20T17:38:27.537Z] <<< HTTP RESPONSE 200 {"content-type":"application/json; charset=UTF-8","vary":"X-Origin, Referer, Origin,Accept-Encoding","date":"Mon, 20 Apr 2020 17:38:26 GMT","server":"ESF","cache-control":"private","x-xss-protection":"0","x-frame-options":"SAMEORIGIN","x-content-type-options":"nosniff","alt-svc":"quic=\":443\"; ma=2592000; v=\"46,43\",h3-Q050=\":443\"; ma=2592000,h3-Q049=\":443\"; ma=2592000,h3-Q048=\":443\"; ma=2592000,h3-Q046=\":443\"; ma=2592000,h3-Q043=\":443\"; ma=2592000,h3-T050=\":443\"; ma=2592000","accept-ranges":"none","transfer-encoding":"chunked"}
[debug] [2020-04-20T17:38:29.541Z] >>> HTTP REQUEST GET https://cloudfunctions.googleapis.com/v1/operations/bmF0dXJhbC1iZWF1dHktc2hvcC91cy1jZW50cmFsMS9hcHAvemhLUlZvYkZodEE  
 
[debug] [2020-04-20T17:38:30.008Z] <<< HTTP RESPONSE 200 {"content-type":"application/json; charset=UTF-8","vary":"X-Origin, Referer, Origin,Accept-Encoding","date":"Mon, 20 Apr 2020 17:38:29 GMT","server":"ESF","cache-control":"private","x-xss-protection":"0","x-frame-options":"SAMEORIGIN","x-content-type-options":"nosniff","alt-svc":"quic=\":443\"; ma=2592000; v=\"46,43\",h3-Q050=\":443\"; ma=2592000,h3-Q049=\":443\"; ma=2592000,h3-Q048=\":443\"; ma=2592000,h3-Q046=\":443\"; ma=2592000,h3-Q043=\":443\"; ma=2592000,h3-T050=\":443\"; ma=2592000","accept-ranges":"none","transfer-encoding":"chunked"}
[debug] [2020-04-20T17:38:32.011Z] >>> HTTP REQUEST GET https://cloudfunctions.googleapis.com/v1/operations/bmF0dXJhbC1iZWF1dHktc2hvcC91cy1jZW50cmFsMS9hcHAvemhLUlZvYkZodEE  
 
[debug] [2020-04-20T17:38:32.479Z] <<< HTTP RESPONSE 200 {"content-type":"application/json; charset=UTF-8","vary":"X-Origin, Referer, Origin,Accept-Encoding","date":"Mon, 20 Apr 2020 17:38:31 GMT","server":"ESF","cache-control":"private","x-xss-protection":"0","x-frame-options":"SAMEORIGIN","x-content-type-options":"nosniff","alt-svc":"quic=\":443\"; ma=2592000; v=\"46,43\",h3-Q050=\":443\"; ma=2592000,h3-Q049=\":443\"; ma=2592000,h3-Q048=\":443\"; ma=2592000,h3-Q046=\":443\"; ma=2592000,h3-Q043=\":443\"; ma=2592000,h3-T050=\":443\"; ma=2592000","accept-ranges":"none","transfer-encoding":"chunked"}
[debug] [2020-04-20T17:38:34.480Z] >>> HTTP REQUEST GET https://cloudfunctions.googleapis.com/v1/operations/bmF0dXJhbC1iZWF1dHktc2hvcC91cy1jZW50cmFsMS9hcHAvemhLUlZvYkZodEE  
 
[debug] [2020-04-20T17:38:34.766Z] <<< HTTP RESPONSE 200 {"content-type":"application/json; charset=UTF-8","vary":"X-Origin, Referer, Origin,Accept-Encoding","date":"Mon, 20 Apr 2020 17:38:34 GMT","server":"ESF","cache-control":"private","x-xss-protection":"0","x-frame-options":"SAMEORIGIN","x-content-type-options":"nosniff","alt-svc":"quic=\":443\"; ma=2592000; v=\"46,43\",h3-Q050=\":443\"; ma=2592000,h3-Q049=\":443\"; ma=2592000,h3-Q048=\":443\"; ma=2592000,h3-Q046=\":443\"; ma=2592000,h3-Q043=\":443\"; ma=2592000,h3-T050=\":443\"; ma=2592000","accept-ranges":"none","transfer-encoding":"chunked"}
[debug] [2020-04-20T17:38:36.767Z] >>> HTTP REQUEST GET https://cloudfunctions.googleapis.com/v1/operations/bmF0dXJhbC1iZWF1dHktc2hvcC91cy1jZW50cmFsMS9hcHAvemhLUlZvYkZodEE  
 
[debug] [2020-04-20T17:38:37.232Z] <<< HTTP RESPONSE 200 {"content-type":"application/json; charset=UTF-8","vary":"X-Origin, Referer, Origin,Accept-Encoding","date":"Mon, 20 Apr 2020 17:38:36 GMT","server":"ESF","cache-control":"private","x-xss-protection":"0","x-frame-options":"SAMEORIGIN","x-content-type-options":"nosniff","alt-svc":"quic=\":443\"; ma=2592000; v=\"46,43\",h3-Q050=\":443\"; ma=2592000,h3-Q049=\":443\"; ma=2592000,h3-Q048=\":443\"; ma=2592000,h3-Q046=\":443\"; ma=2592000,h3-Q043=\":443\"; ma=2592000,h3-T050=\":443\"; ma=2592000","accept-ranges":"none","transfer-encoding":"chunked"}
[debug] [2020-04-20T17:38:39.234Z] >>> HTTP REQUEST GET https://cloudfunctions.googleapis.com/v1/operations/bmF0dXJhbC1iZWF1dHktc2hvcC91cy1jZW50cmFsMS9hcHAvemhLUlZvYkZodEE  
 
[debug] [2020-04-20T17:38:39.706Z] <<< HTTP RESPONSE 200 {"content-type":"application/json; charset=UTF-8","vary":"X-Origin, Referer, Origin,Accept-Encoding","date":"Mon, 20 Apr 2020 17:38:39 GMT","server":"ESF","cache-control":"private","x-xss-protection":"0","x-frame-options":"SAMEORIGIN","x-content-type-options":"nosniff","alt-svc":"quic=\":443\"; ma=2592000; v=\"46,43\",h3-Q050=\":443\"; ma=2592000,h3-Q049=\":443\"; ma=2592000,h3-Q048=\":443\"; ma=2592000,h3-Q046=\":443\"; ma=2592000,h3-Q043=\":443\"; ma=2592000,h3-T050=\":443\"; ma=2592000","accept-ranges":"none","transfer-encoding":"chunked"}
[debug] [2020-04-20T17:38:41.710Z] >>> HTTP REQUEST GET https://cloudfunctions.googleapis.com/v1/operations/bmF0dXJhbC1iZWF1dHktc2hvcC91cy1jZW50cmFsMS9hcHAvemhLUlZvYkZodEE  
 
[debug] [2020-04-20T17:38:42.226Z] <<< HTTP RESPONSE 200 {"content-type":"application/json; charset=UTF-8","vary":"X-Origin, Referer, Origin,Accept-Encoding","date":"Mon, 20 Apr 2020 17:38:41 GMT","server":"ESF","cache-control":"private","x-xss-protection":"0","x-frame-options":"SAMEORIGIN","x-content-type-options":"nosniff","alt-svc":"quic=\":443\"; ma=2592000; v=\"46,43\",h3-Q050=\":443\"; ma=2592000,h3-Q049=\":443\"; ma=2592000,h3-Q048=\":443\"; ma=2592000,h3-Q046=\":443\"; ma=2592000,h3-Q043=\":443\"; ma=2592000,h3-T050=\":443\"; ma=2592000","accept-ranges":"none","transfer-encoding":"chunked"}
[debug] [2020-04-20T17:38:44.230Z] >>> HTTP REQUEST GET https://cloudfunctions.googleapis.com/v1/operations/bmF0dXJhbC1iZWF1dHktc2hvcC91cy1jZW50cmFsMS9hcHAvemhLUlZvYkZodEE  
 
[debug] [2020-04-20T17:38:44.705Z] <<< HTTP RESPONSE 200 {"content-type":"application/json; charset=UTF-8","vary":"X-Origin, Referer, Origin,Accept-Encoding","date":"Mon, 20 Apr 2020 17:38:44 GMT","server":"ESF","cache-control":"private","x-xss-protection":"0","x-frame-options":"SAMEORIGIN","x-content-type-options":"nosniff","alt-svc":"quic=\":443\"; ma=2592000; v=\"46,43\",h3-Q050=\":443\"; ma=2592000,h3-Q049=\":443\"; ma=2592000,h3-Q048=\":443\"; ma=2592000,h3-Q046=\":443\"; ma=2592000,h3-Q043=\":443\"; ma=2592000,h3-T050=\":443\"; ma=2592000","accept-ranges":"none","transfer-encoding":"chunked"}
[debug] [2020-04-20T17:38:46.707Z] >>> HTTP REQUEST GET https://cloudfunctions.googleapis.com/v1/operations/bmF0dXJhbC1iZWF1dHktc2hvcC91cy1jZW50cmFsMS9hcHAvemhLUlZvYkZodEE  
 
[debug] [2020-04-20T17:38:47.171Z] <<< HTTP RESPONSE 200 {"content-type":"application/json; charset=UTF-8","vary":"X-Origin, Referer, Origin,Accept-Encoding","date":"Mon, 20 Apr 2020 17:38:46 GMT","server":"ESF","cache-control":"private","x-xss-protection":"0","x-frame-options":"SAMEORIGIN","x-content-type-options":"nosniff","alt-svc":"quic=\":443\"; ma=2592000; v=\"46,43\",h3-Q050=\":443\"; ma=2592000,h3-Q049=\":443\"; ma=2592000,h3-Q048=\":443\"; ma=2592000,h3-Q046=\":443\"; ma=2592000,h3-Q043=\":443\"; ma=2592000,h3-T050=\":443\"; ma=2592000","accept-ranges":"none","transfer-encoding":"chunked"}
[warn] !  functions[app(us-central1)]: Deployment error.
[info] Function failed on loading user code. Error message: Code in file index.js can't be loaded.
Did you list all required modules in the package.json dependencies?
Detailed stack trace: Error: Cannot find module '../server'
    at Function.Module._resolveFilename (module.js:548:15)
    at Function.Module._load (module.js:475:25)
    at Module.require (module.js:597:17)
    at require (internal/module.js:11:18)
    at Object.<anonymous> (/srv/index.js:2:13)
    at Module._compile (module.js:653:30)
    at Object.Module._extensions..js (module.js:664:10)
    at Module.load (module.js:566:32)
    at tryModuleLoad (module.js:506:12)
    at Function.Module._load (module.js:498:3)
[info] 

Functions deploy had errors with the following functions:
[info] 	app
[info] 

To try redeploying those functions, run:
[info]     firebase deploy --only functions:app
[info] 

To continue deploying other features (such as database), run:
[info]     firebase deploy --except functions
[error] 
[error] Error: Functions did not deploy properly.
[debug] [2020-04-20T17:46:48.819Z] ----------------------------------------------------------------------
[debug] [2020-04-20T17:46:48.821Z] Command:       C:\Program Files\nodejs\node.exe C:\Users\Marysia\AppData\Roaming\npm\node_modules\firebase-tools\lib\bin\firebase.js deploy --debug
[debug] [2020-04-20T17:46:48.822Z] CLI Version:   8.0.3
[debug] [2020-04-20T17:46:48.822Z] Platform:      win32
[debug] [2020-04-20T17:46:48.822Z] Node Version:  v10.16.3
[debug] [2020-04-20T17:46:48.823Z] Time:          Mon Apr 20 2020 19:46:48 GMT+0200 (Central European Summer Time)
[debug] [2020-04-20T17:46:48.823Z] ----------------------------------------------------------------------
[debug] [2020-04-20T17:46:48.823Z] 
[debug] [2020-04-20T17:46:48.834Z] > command requires scopes: ["email","openid","https://www.googleapis.com/auth/cloudplatformprojects.readonly","https://www.googleapis.com/auth/firebase","https://www.googleapis.com/auth/cloud-platform"]
[debug] [2020-04-20T17:46:48.836Z] > authorizing via signed-in user
[debug] [2020-04-20T17:46:48.837Z] [iam] checking project natural-beauty-shop for permissions ["cloudfunctions.functions.create","cloudfunctions.functions.delete","cloudfunctions.functions.get","cloudfunctions.functions.list","cloudfunctions.functions.update","cloudfunctions.operations.get","firebase.projects.get","firebasehosting.sites.update"]
[debug] [2020-04-20T17:46:48.840Z] >>> HTTP REQUEST POST https://cloudresourcemanager.googleapis.com/v1/projects/natural-beauty-shop:testIamPermissions  
 {"permissions":["cloudfunctions.functions.create","cloudfunctions.functions.delete","cloudfunctions.functions.get","cloudfunctions.functions.list","cloudfunctions.functions.update","cloudfunctions.operations.get","firebase.projects.get","firebasehosting.sites.update"]}
[debug] [2020-04-20T17:46:49.778Z] <<< HTTP RESPONSE 200 {"content-type":"application/json; charset=UTF-8","vary":"X-Origin, Referer, Origin,Accept-Encoding","date":"Mon, 20 Apr 2020 17:46:49 GMT","server":"ESF","cache-control":"private","x-xss-protection":"0","x-frame-options":"SAMEORIGIN","x-content-type-options":"nosniff","server-timing":"gfet4t7; dur=825","alt-svc":"quic=\":443\"; ma=2592000; v=\"46,43\",h3-Q050=\":443\"; ma=2592000,h3-Q049=\":443\"; ma=2592000,h3-Q048=\":443\"; ma=2592000,h3-Q046=\":443\"; ma=2592000,h3-Q043=\":443\"; ma=2592000,h3-T050=\":443\"; ma=2592000","accept-ranges":"none","transfer-encoding":"chunked"}
[debug] [2020-04-20T17:46:49.783Z] >>> HTTP REQUEST POST https://iam.googleapis.com/v1/projects/natural-beauty-shop/serviceAccounts/natural-beauty-shop@appspot.gserviceaccount.com:testIamPermissions  
 {"permissions":["iam.serviceAccounts.actAs"]}
[debug] [2020-04-20T17:46:50.817Z] <<< HTTP RESPONSE 200 {"content-type":"application/json; charset=UTF-8","vary":"X-Origin, Referer, Origin,Accept-Encoding","date":"Mon, 20 Apr 2020 17:46:50 GMT","server":"ESF","cache-control":"private","x-xss-protection":"0","x-frame-options":"SAMEORIGIN","x-content-type-options":"nosniff","alt-svc":"quic=\":443\"; ma=2592000; v=\"46,43\",h3-Q050=\":443\"; ma=2592000,h3-Q049=\":443\"; ma=2592000,h3-Q048=\":443\"; ma=2592000,h3-Q046=\":443\"; ma=2592000,h3-Q043=\":443\"; ma=2592000,h3-T050=\":443\"; ma=2592000","accept-ranges":"none","transfer-encoding":"chunked"}
[debug] [2020-04-20T17:46:50.819Z] >>> HTTP REQUEST GET https://firebase.googleapis.com/v1beta1/projects/natural-beauty-shop  
 
[debug] [2020-04-20T17:46:51.100Z] <<< HTTP RESPONSE 200 {"content-type":"application/json; charset=UTF-8","vary":"X-Origin, Referer, Origin,Accept-Encoding","date":"Mon, 20 Apr 2020 17:46:50 GMT","server":"ESF","cache-control":"private","x-xss-protection":"0","x-frame-options":"SAMEORIGIN","x-content-type-options":"nosniff","alt-svc":"quic=\":443\"; ma=2592000; v=\"46,43\",h3-Q050=\":443\"; ma=2592000,h3-Q049=\":443\"; ma=2592000,h3-Q048=\":443\"; ma=2592000,h3-Q046=\":443\"; ma=2592000,h3-Q043=\":443\"; ma=2592000,h3-T050=\":443\"; ma=2592000","accept-ranges":"none","transfer-encoding":"chunked"}
[info] 
[info] === Deploying to 'natural-beauty-shop'...
[info] 
[info] i  deploying functions, hosting
[info] Running command: npm --prefix "$RESOURCE_DIR" run lint
[info] +  functions: Finished running predeploy script.
[debug] [2020-04-20T17:46:55.270Z] > [functions] package.json contents: {
  "name": "functions",
  "description": "Cloud Functions for Firebase",
  "scripts": {
    "lint": "eslint .",
    "serve": "firebase emulators:start --only functions",
    "shell": "firebase functions:shell",
    "start": "npm run shell",
    "deploy": "firebase deploy --only functions",
    "logs": "firebase functions:log"
  },
  "engines": {
    "node": "8"
  },
  "dependencies": {
    "firebase-admin": "^8.9.0",
    "firebase-functions": "^3.3.0"
  },
  "devDependencies": {
    "eslint": "^5.12.0",
    "eslint-plugin-promise": "^4.0.1",
    "firebase-functions-test": "^0.1.6"
  },
  "private": true
}
[info] i  functions: ensuring necessary APIs are enabled...
[debug] [2020-04-20T17:46:55.273Z] >>> HTTP REQUEST GET https://serviceusage.googleapis.com/v1/projects/natural-beauty-shop/services/cloudfunctions.googleapis.com  
 
[debug] [2020-04-20T17:46:55.275Z] >>> HTTP REQUEST GET https://serviceusage.googleapis.com/v1/projects/natural-beauty-shop/services/runtimeconfig.googleapis.com  
 
[debug] [2020-04-20T17:46:56.299Z] <<< HTTP RESPONSE 200 {"content-type":"application/json; charset=UTF-8","vary":"X-Origin, Referer, Origin,Accept-Encoding","date":"Mon, 20 Apr 2020 17:46:55 GMT","server":"ESF","cache-control":"private","x-xss-protection":"0","x-frame-options":"SAMEORIGIN","x-content-type-options":"nosniff","alt-svc":"quic=\":443\"; ma=2592000; v=\"46,43\",h3-Q050=\":443\"; ma=2592000,h3-Q049=\":443\"; ma=2592000,h3-Q048=\":443\"; ma=2592000,h3-Q046=\":443\"; ma=2592000,h3-Q043=\":443\"; ma=2592000,h3-T050=\":443\"; ma=2592000","accept-ranges":"none","transfer-encoding":"chunked"}
[debug] [2020-04-20T17:46:56.316Z] <<< HTTP RESPONSE 200 {"content-type":"application/json; charset=UTF-8","vary":"X-Origin, Referer, Origin,Accept-Encoding","date":"Mon, 20 Apr 2020 17:46:55 GMT","server":"ESF","cache-control":"private","x-xss-protection":"0","x-frame-options":"SAMEORIGIN","x-content-type-options":"nosniff","alt-svc":"quic=\":443\"; ma=2592000; v=\"46,43\",h3-Q050=\":443\"; ma=2592000,h3-Q049=\":443\"; ma=2592000,h3-Q048=\":443\"; ma=2592000,h3-Q046=\":443\"; ma=2592000,h3-Q043=\":443\"; ma=2592000,h3-T050=\":443\"; ma=2592000","accept-ranges":"none","transfer-encoding":"chunked"}
[info] +  functions: all necessary APIs are enabled
[debug] [2020-04-20T17:46:56.318Z] >>> HTTP REQUEST GET https://firebase.googleapis.com/v1beta1/projects/natural-beauty-shop/adminSdkConfig  
 
[debug] [2020-04-20T17:46:56.597Z] <<< HTTP RESPONSE 200 {"content-type":"application/json; charset=UTF-8","vary":"X-Origin, Referer, Origin,Accept-Encoding","date":"Mon, 20 Apr 2020 17:46:56 GMT","server":"ESF","cache-control":"private","x-xss-protection":"0","x-frame-options":"SAMEORIGIN","x-content-type-options":"nosniff","alt-svc":"quic=\":443\"; ma=2592000; v=\"46,43\",h3-Q050=\":443\"; ma=2592000,h3-Q049=\":443\"; ma=2592000,h3-Q048=\":443\"; ma=2592000,h3-Q046=\":443\"; ma=2592000,h3-Q043=\":443\"; ma=2592000,h3-T050=\":443\"; ma=2592000","accept-ranges":"none","transfer-encoding":"chunked"}
[debug] [2020-04-20T17:46:56.601Z] >>> HTTP REQUEST POST https://firebasehosting.googleapis.com/v1beta1/sites/natural-beauty-shop/versions  
 {"config":{"rewrites":[{"glob":"/api/**","function":"api"},{"glob":"*","path":"client/build/index.html"}]},"labels":{"deployment-tool":"cli-firebase"}}
[debug] [2020-04-20T17:46:58.126Z] <<< HTTP RESPONSE 200 {"content-type":"application/json; charset=UTF-8","vary":"X-Origin, Referer, Origin,Accept-Encoding","date":"Mon, 20 Apr 2020 17:46:57 GMT","server":"ESF","cache-control":"private","x-xss-protection":"0","x-frame-options":"SAMEORIGIN","x-content-type-options":"nosniff","alt-svc":"quic=\":443\"; ma=2592000; v=\"46,43\",h3-Q050=\":443\"; ma=2592000,h3-Q049=\":443\"; ma=2592000,h3-Q048=\":443\"; ma=2592000,h3-Q046=\":443\"; ma=2592000,h3-Q043=\":443\"; ma=2592000,h3-T050=\":443\"; ma=2592000","accept-ranges":"none","transfer-encoding":"chunked"}
[info] i  functions: preparing functions directory for uploading...
[debug] [2020-04-20T17:46:58.132Z] >>> HTTP REQUEST GET https://runtimeconfig.googleapis.com/v1beta1/projects/natural-beauty-shop/configs  
 
[debug] [2020-04-20T17:46:59.266Z] <<< HTTP RESPONSE 200 {"content-type":"application/json; charset=UTF-8","vary":"X-Origin, Referer, Origin,Accept-Encoding","date":"Mon, 20 Apr 2020 17:46:58 GMT","server":"ESF","cache-control":"private","x-xss-protection":"0","x-frame-options":"SAMEORIGIN","x-content-type-options":"nosniff","alt-svc":"quic=\":443\"; ma=2592000; v=\"46,43\",h3-Q050=\":443\"; ma=2592000,h3-Q049=\":443\"; ma=2592000,h3-Q048=\":443\"; ma=2592000,h3-Q046=\":443\"; ma=2592000,h3-Q043=\":443\"; ma=2592000,h3-T050=\":443\"; ma=2592000","accept-ranges":"none","transfer-encoding":"chunked"}
[info] i  functions: packaged functions (40.37 KB) for uploading
[debug] [2020-04-20T17:47:00.342Z] >>> HTTP REQUEST GET https://cloudfunctions.googleapis.com/v1/projects/natural-beauty-shop/locations/-/functions  
 
[debug] [2020-04-20T17:47:01.042Z] <<< HTTP RESPONSE 200 {"content-type":"application/json; charset=UTF-8","vary":"X-Origin, Referer, Origin,Accept-Encoding","date":"Mon, 20 Apr 2020 17:47:00 GMT","server":"ESF","cache-control":"private","x-xss-protection":"0","x-frame-options":"SAMEORIGIN","x-content-type-options":"nosniff","alt-svc":"quic=\":443\"; ma=2592000; v=\"46,43\",h3-Q050=\":443\"; ma=2592000,h3-Q049=\":443\"; ma=2592000,h3-Q048=\":443\"; ma=2592000,h3-Q046=\":443\"; ma=2592000,h3-Q043=\":443\"; ma=2592000,h3-T050=\":443\"; ma=2592000","accept-ranges":"none","transfer-encoding":"chunked"}
[debug] [2020-04-20T17:47:01.047Z] [functions] found 1 new HTTP functions, testing setIamPolicy permission...
[debug] [2020-04-20T17:47:01.048Z] >>> HTTP REQUEST POST https://cloudresourcemanager.googleapis.com/v1/projects/natural-beauty-shop:testIamPermissions  
 {"permissions":["cloudfunctions.functions.setIamPolicy"]}
[debug] [2020-04-20T17:47:01.926Z] <<< HTTP RESPONSE 200 {"content-type":"application/json; charset=UTF-8","vary":"X-Origin, Referer, Origin,Accept-Encoding","date":"Mon, 20 Apr 2020 17:47:01 GMT","server":"ESF","cache-control":"private","x-xss-protection":"0","x-frame-options":"SAMEORIGIN","x-content-type-options":"nosniff","server-timing":"gfet4t7; dur=808","alt-svc":"quic=\":443\"; ma=2592000; v=\"46,43\",h3-Q050=\":443\"; ma=2592000,h3-Q049=\":443\"; ma=2592000,h3-Q048=\":443\"; ma=2592000,h3-Q046=\":443\"; ma=2592000,h3-Q043=\":443\"; ma=2592000,h3-T050=\":443\"; ma=2592000","accept-ranges":"none","transfer-encoding":"chunked"}
[debug] [2020-04-20T17:47:01.929Z] [functions] found setIamPolicy permission, proceeding with deploy
[debug] [2020-04-20T17:47:01.930Z] >>> HTTP REQUEST POST https://cloudfunctions.googleapis.com/v1/projects/natural-beauty-shop/locations/us-central1/functions:generateUploadUrl  
 
[debug] [2020-04-20T17:47:02.856Z] <<< HTTP RESPONSE 200 {"content-type":"application/json; charset=UTF-8","vary":"X-Origin, Referer, Origin,Accept-Encoding","date":"Mon, 20 Apr 2020 17:47:02 GMT","server":"ESF","cache-control":"private","x-xss-protection":"0","x-frame-options":"SAMEORIGIN","x-content-type-options":"nosniff","alt-svc":"quic=\":443\"; ma=2592000; v=\"46,43\",h3-Q050=\":443\"; ma=2592000,h3-Q049=\":443\"; ma=2592000,h3-Q048=\":443\"; ma=2592000,h3-Q046=\":443\"; ma=2592000,h3-Q043=\":443\"; ma=2592000,h3-T050=\":443\"; ma=2592000","accept-ranges":"none","transfer-encoding":"chunked"}
[debug] [2020-04-20T17:47:02.859Z] >>> HTTP REQUEST PUT https://storage.googleapis.com/gcf-upload-us-central1-477616be-b5a3-49a5-9617-36de152730d2/2e859ab7-8098-4f0d-88e9-7f56ed580821.zip?GoogleAccessId=service-890354051631@gcf-admin-robot.iam.gserviceaccount.com&Expires=1587406622&Signature=d0q9z%2Bs%2B9f4aPtwiQ%2F4aatnp%2FliLaNItsDkdqFR6vNw6n3nHyrm0EQ4a%2BWoCEoHJ3hZpPaY94npDGiANl6oXOOZz7%2FZawPdaTYpFZv9CL%2BcYXrOdQdwqgXOvqTfuuZBwCwo79%2FfUoszk1fWlrtAKnxJWCD8ad6m3mIb06IqdTqK2YqBGuf%2FEJzTxUAhXioI1%2BfANIq4e8%2Bd3N9hriJnsfvJUIObF6Xo%2BwlrNUhGTYDp8Z%2FblnD%2BM6mIu4nDUpANRQmGKLL60yjgQA%2FyiE76sCPW0JcId9TAbLluRb8CNV4GOaUigx6SOhLm%2Bk9MuGl0EmdnK9r%2BzhYQ5wQyEvsYCfQ%3D%3D  
 <request body omitted>
[debug] [2020-04-20T17:47:03.169Z] <<< HTTP RESPONSE 200 {"x-guploader-uploadid":"AAANsUkwDKPeylKdRlKlYhKdVtvsMhqtP3-f12yhLjox2cfwwh2ltjXKwcGk2Nv2kn7ZM53SHL2GKS74_JIvLr6BEQ","etag":"\"caf801d2fbb5471dcd98a777c75acff3\"","x-goog-generation":"1587404822590300","x-goog-metageneration":"1","x-goog-hash":"crc32c=Co8LLQ==, md5=yvgB0vu1Rx3NmKd3x1rP8w==","x-goog-stored-content-length":"41341","x-goog-stored-content-encoding":"identity","vary":"Origin","content-length":"0","date":"Mon, 20 Apr 2020 17:47:02 GMT","server":"UploadServer","content-type":"text/html; charset=UTF-8","alt-svc":"quic=\":443\"; ma=2592000; v=\"46,43\",h3-Q050=\":443\"; ma=2592000,h3-Q049=\":443\"; ma=2592000,h3-Q048=\":443\"; ma=2592000,h3-Q046=\":443\"; ma=2592000,h3-Q043=\":443\"; ma=2592000,h3-T050=\":443\"; ma=2592000"}
[info] +  functions: functions folder uploaded successfully
[info] i  hosting[natural-beauty-shop]: beginning deploy...
[info] i  hosting[natural-beauty-shop]: found 14 files in client/build
[debug] [2020-04-20T17:47:03.195Z] [hosting] hash cache [Y2xpZW50XGJ1aWxk] stored for 14 files
[debug] [2020-04-20T17:47:03.196Z] [hosting][hash queue][FINAL] {"max":3,"min":0,"avg":0,"active":0,"complete":14,"success":14,"errored":0,"retried":0,"total":14,"elapsed":6}
[debug] [2020-04-20T17:47:03.197Z] >>> HTTP REQUEST POST https://firebasehosting.googleapis.com/v1beta1/sites/natural-beauty-shop/versions/8af981c8c14f8165:populateFiles  
 <request body omitted>
[debug] [2020-04-20T17:47:04.415Z] <<< HTTP RESPONSE 200 {"content-type":"application/json; charset=UTF-8","vary":"X-Origin, Referer, Origin,Accept-Encoding","date":"Mon, 20 Apr 2020 17:47:03 GMT","server":"ESF","cache-control":"private","x-xss-protection":"0","x-frame-options":"SAMEORIGIN","x-content-type-options":"nosniff","alt-svc":"quic=\":443\"; ma=2592000; v=\"46,43\",h3-Q050=\":443\"; ma=2592000,h3-Q049=\":443\"; ma=2592000,h3-Q048=\":443\"; ma=2592000,h3-Q046=\":443\"; ma=2592000,h3-Q043=\":443\"; ma=2592000,h3-T050=\":443\"; ma=2592000","accept-ranges":"none","transfer-encoding":"chunked"}
[debug] [2020-04-20T17:47:04.419Z] [hosting][populate queue][FINAL] {"max":1225,"min":1225,"avg":1225,"active":0,"complete":1,"success":1,"errored":0,"retried":0,"total":1,"elapsed":1225}
[debug] [2020-04-20T17:47:04.420Z] [hosting] uploads queued: 0
[debug] [2020-04-20T17:47:04.421Z] [hosting][upload queue][FINAL] {"max":0,"min":9999999999,"avg":0,"active":0,"complete":0,"success":0,"errored":0,"retried":0,"total":0,"elapsed":1587404824421}
[info] +  hosting[natural-beauty-shop]: file upload complete
[debug] [2020-04-20T17:47:04.422Z] [hosting] deploy completed after 1246ms
[info] i  functions: creating Node.js 8 function api(us-central1)...
[debug] [2020-04-20T17:47:04.533Z] Trigger is:  {"httpsTrigger":{}}
[info] 
The following functions are found in your project but do not exist in your local source code:
	app(us-central1)

If you are renaming a function or changing its region, it is recommended that you create the new function first before deleting the old one to prevent event loss. For more info, visit https://firebase.google.com/docs/functions/manage-functions#modify

[info] i  functions: continuing with other deployments.
[debug] [2020-04-20T17:51:44.316Z] > refreshing access token with scopes: ["email","https://www.googleapis.com/auth/cloud-platform","https://www.googleapis.com/auth/cloudplatformprojects.readonly","https://www.googleapis.com/auth/firebase","openid"]
[debug] [2020-04-20T17:51:44.317Z] >>> HTTP REQUEST POST https://www.googleapis.com/oauth2/v3/token  
 <request body omitted>
[debug] [2020-04-20T17:51:44.489Z] <<< HTTP RESPONSE 200 {"content-type":"application/json; charset=utf-8","vary":"X-Origin, Referer, Origin,Accept-Encoding","date":"Mon, 20 Apr 2020 17:51:43 GMT","server":"scaffolding on HTTPServer2","cache-control":"private","x-xss-protection":"0","x-frame-options":"SAMEORIGIN","x-content-type-options":"nosniff","alt-svc":"quic=\":443\"; ma=2592000; v=\"46,43\",h3-Q050=\":443\"; ma=2592000,h3-Q049=\":443\"; ma=2592000,h3-Q048=\":443\"; ma=2592000,h3-Q046=\":443\"; ma=2592000,h3-Q043=\":443\"; ma=2592000,h3-T050=\":443\"; ma=2592000","accept-ranges":"none","transfer-encoding":"chunked"}
[debug] [2020-04-20T17:51:44.501Z] >>> HTTP REQUEST GET https://serviceusage.googleapis.com/v1/projects/natural-beauty-shop/services/cloudscheduler.googleapis.com  
 
[debug] [2020-04-20T17:51:45.516Z] <<< HTTP RESPONSE 200 {"content-type":"application/json; charset=UTF-8","vary":"X-Origin, Referer, Origin,Accept-Encoding","date":"Mon, 20 Apr 2020 17:51:44 GMT","server":"ESF","cache-control":"private","x-xss-protection":"0","x-frame-options":"SAMEORIGIN","x-content-type-options":"nosniff","alt-svc":"quic=\":443\"; ma=2592000; v=\"46,43\",h3-Q050=\":443\"; ma=2592000,h3-Q049=\":443\"; ma=2592000,h3-Q048=\":443\"; ma=2592000,h3-Q046=\":443\"; ma=2592000,h3-Q043=\":443\"; ma=2592000,h3-T050=\":443\"; ma=2592000","accept-ranges":"none","transfer-encoding":"chunked"}
[debug] [2020-04-20T17:51:45.520Z] >>> HTTP REQUEST POST https://cloudfunctions.googleapis.com/v1/projects/natural-beauty-shop/locations/us-central1/functions  
 {"sourceUploadUrl":"https://storage.googleapis.com/gcf-upload-us-central1-477616be-b5a3-49a5-9617-36de152730d2/2e859ab7-8098-4f0d-88e9-7f56ed580821.zip?GoogleAccessId=service-890354051631@gcf-admin-robot.iam.gserviceaccount.com&Expires=1587406622&Signature=d0q9z%2Bs%2B9f4aPtwiQ%2F4aatnp%2FliLaNItsDkdqFR6vNw6n3nHyrm0EQ4a%2BWoCEoHJ3hZpPaY94npDGiANl6oXOOZz7%2FZawPdaTYpFZv9CL%2BcYXrOdQdwqgXOvqTfuuZBwCwo79%2FfUoszk1fWlrtAKnxJWCD8ad6m3mIb06IqdTqK2YqBGuf%2FEJzTxUAhXioI1%2BfANIq4e8%2Bd3N9hriJnsfvJUIObF6Xo%2BwlrNUhGTYDp8Z%2FblnD%2BM6mIu4nDUpANRQmGKLL60yjgQA%2FyiE76sCPW0JcId9TAbLluRb8CNV4GOaUigx6SOhLm%2Bk9MuGl0EmdnK9r%2BzhYQ5wQyEvsYCfQ%3D%3D","name":"projects/natural-beauty-shop/locations/us-central1/functions/api","entryPoint":"api","labels":{"deployment-tool":"cli-firebase"},"runtime":"nodejs8","httpsTrigger":{}}
[debug] [2020-04-20T17:51:46.266Z] <<< HTTP RESPONSE 200 {"content-type":"application/json; charset=UTF-8","vary":"X-Origin, Referer, Origin,Accept-Encoding","date":"Mon, 20 Apr 2020 17:51:45 GMT","server":"ESF","cache-control":"private","x-xss-protection":"0","x-frame-options":"SAMEORIGIN","x-content-type-options":"nosniff","alt-svc":"quic=\":443\"; ma=2592000; v=\"46,43\",h3-Q050=\":443\"; ma=2592000,h3-Q049=\":443\"; ma=2592000,h3-Q048=\":443\"; ma=2592000,h3-Q046=\":443\"; ma=2592000,h3-Q043=\":443\"; ma=2592000,h3-T050=\":443\"; ma=2592000","accept-ranges":"none","transfer-encoding":"chunked"}
[debug] [2020-04-20T17:51:46.269Z] Setting public policy for function api
[debug] [2020-04-20T17:51:46.270Z] >>> HTTP REQUEST POST https://cloudfunctions.googleapis.com/v1/projects/natural-beauty-shop/locations/us-central1/functions/api:setIamPolicy  
 {"policy":{"version":3,"bindings":[{"role":"roles/cloudfunctions.invoker","members":["allUsers"]}]},"updateMask":"version,bindings"}
[debug] [2020-04-20T17:51:46.716Z] <<< HTTP RESPONSE 200 {"content-type":"application/json; charset=UTF-8","vary":"X-Origin, Referer, Origin,Accept-Encoding","date":"Mon, 20 Apr 2020 17:51:46 GMT","server":"ESF","cache-control":"private","x-xss-protection":"0","x-frame-options":"SAMEORIGIN","x-content-type-options":"nosniff","alt-svc":"quic=\":443\"; ma=2592000; v=\"46,43\",h3-Q050=\":443\"; ma=2592000,h3-Q049=\":443\"; ma=2592000,h3-Q048=\":443\"; ma=2592000,h3-Q046=\":443\"; ma=2592000,h3-Q043=\":443\"; ma=2592000,h3-T050=\":443\"; ma=2592000","accept-ranges":"none","transfer-encoding":"chunked"}
[debug] [2020-04-20T17:51:46.720Z] >>> HTTP REQUEST GET https://cloudfunctions.googleapis.com/v1/projects/natural-beauty-shop/locations/-/functions  
 
[debug] [2020-04-20T17:51:47.366Z] <<< HTTP RESPONSE 200 {"content-type":"application/json; charset=UTF-8","vary":"X-Origin, Referer, Origin,Accept-Encoding","date":"Mon, 20 Apr 2020 17:51:46 GMT","server":"ESF","cache-control":"private","x-xss-protection":"0","x-frame-options":"SAMEORIGIN","x-content-type-options":"nosniff","alt-svc":"quic=\":443\"; ma=2592000; v=\"46,43\",h3-Q050=\":443\"; ma=2592000,h3-Q049=\":443\"; ma=2592000,h3-Q048=\":443\"; ma=2592000,h3-Q046=\":443\"; ma=2592000,h3-Q043=\":443\"; ma=2592000,h3-T050=\":443\"; ma=2592000","accept-ranges":"none","transfer-encoding":"chunked"}
[debug] [2020-04-20T17:51:47.370Z] >>> HTTP REQUEST GET https://cloudfunctions.googleapis.com/v1/operations/bmF0dXJhbC1iZWF1dHktc2hvcC91cy1jZW50cmFsMS9hcGkvNU5FVGxpMDZSa0E  
 
[debug] [2020-04-20T17:51:47.908Z] <<< HTTP RESPONSE 200 {"content-type":"application/json; charset=UTF-8","vary":"X-Origin, Referer, Origin,Accept-Encoding","date":"Mon, 20 Apr 2020 17:51:47 GMT","server":"ESF","cache-control":"private","x-xss-protection":"0","x-frame-options":"SAMEORIGIN","x-content-type-options":"nosniff","alt-svc":"quic=\":443\"; ma=2592000; v=\"46,43\",h3-Q050=\":443\"; ma=2592000,h3-Q049=\":443\"; ma=2592000,h3-Q048=\":443\"; ma=2592000,h3-Q046=\":443\"; ma=2592000,h3-Q043=\":443\"; ma=2592000,h3-T050=\":443\"; ma=2592000","accept-ranges":"none","transfer-encoding":"chunked"}
[debug] [2020-04-20T17:51:49.913Z] >>> HTTP REQUEST GET https://cloudfunctions.googleapis.com/v1/operations/bmF0dXJhbC1iZWF1dHktc2hvcC91cy1jZW50cmFsMS9hcGkvNU5FVGxpMDZSa0E  
 
[debug] [2020-04-20T17:51:50.394Z] <<< HTTP RESPONSE 200 {"content-type":"application/json; charset=UTF-8","vary":"X-Origin, Referer, Origin,Accept-Encoding","date":"Mon, 20 Apr 2020 17:51:49 GMT","server":"ESF","cache-control":"private","x-xss-protection":"0","x-frame-options":"SAMEORIGIN","x-content-type-options":"nosniff","alt-svc":"quic=\":443\"; ma=2592000; v=\"46,43\",h3-Q050=\":443\"; ma=2592000,h3-Q049=\":443\"; ma=2592000,h3-Q048=\":443\"; ma=2592000,h3-Q046=\":443\"; ma=2592000,h3-Q043=\":443\"; ma=2592000,h3-T050=\":443\"; ma=2592000","accept-ranges":"none","transfer-encoding":"chunked"}
[debug] [2020-04-20T17:51:52.395Z] >>> HTTP REQUEST GET https://cloudfunctions.googleapis.com/v1/operations/bmF0dXJhbC1iZWF1dHktc2hvcC91cy1jZW50cmFsMS9hcGkvNU5FVGxpMDZSa0E  
 
[debug] [2020-04-20T17:51:52.886Z] <<< HTTP RESPONSE 200 {"content-type":"application/json; charset=UTF-8","vary":"X-Origin, Referer, Origin,Accept-Encoding","date":"Mon, 20 Apr 2020 17:51:52 GMT","server":"ESF","cache-control":"private","x-xss-protection":"0","x-frame-options":"SAMEORIGIN","x-content-type-options":"nosniff","alt-svc":"quic=\":443\"; ma=2592000; v=\"46,43\",h3-Q050=\":443\"; ma=2592000,h3-Q049=\":443\"; ma=2592000,h3-Q048=\":443\"; ma=2592000,h3-Q046=\":443\"; ma=2592000,h3-Q043=\":443\"; ma=2592000,h3-T050=\":443\"; ma=2592000","accept-ranges":"none","transfer-encoding":"chunked"}
[debug] [2020-04-20T17:51:54.890Z] >>> HTTP REQUEST GET https://cloudfunctions.googleapis.com/v1/operations/bmF0dXJhbC1iZWF1dHktc2hvcC91cy1jZW50cmFsMS9hcGkvNU5FVGxpMDZSa0E  
 
[debug] [2020-04-20T17:51:55.385Z] <<< HTTP RESPONSE 200 {"content-type":"application/json; charset=UTF-8","vary":"X-Origin, Referer, Origin,Accept-Encoding","date":"Mon, 20 Apr 2020 17:51:54 GMT","server":"ESF","cache-control":"private","x-xss-protection":"0","x-frame-options":"SAMEORIGIN","x-content-type-options":"nosniff","alt-svc":"quic=\":443\"; ma=2592000; v=\"46,43\",h3-Q050=\":443\"; ma=2592000,h3-Q049=\":443\"; ma=2592000,h3-Q048=\":443\"; ma=2592000,h3-Q046=\":443\"; ma=2592000,h3-Q043=\":443\"; ma=2592000,h3-T050=\":443\"; ma=2592000","accept-ranges":"none","transfer-encoding":"chunked"}
[debug] [2020-04-20T17:51:57.389Z] >>> HTTP REQUEST GET https://cloudfunctions.googleapis.com/v1/operations/bmF0dXJhbC1iZWF1dHktc2hvcC91cy1jZW50cmFsMS9hcGkvNU5FVGxpMDZSa0E  
 
[debug] [2020-04-20T17:51:57.854Z] <<< HTTP RESPONSE 200 {"content-type":"application/json; charset=UTF-8","vary":"X-Origin, Referer, Origin,Accept-Encoding","date":"Mon, 20 Apr 2020 17:51:57 GMT","server":"ESF","cache-control":"private","x-xss-protection":"0","x-frame-options":"SAMEORIGIN","x-content-type-options":"nosniff","alt-svc":"quic=\":443\"; ma=2592000; v=\"46,43\",h3-Q050=\":443\"; ma=2592000,h3-Q049=\":443\"; ma=2592000,h3-Q048=\":443\"; ma=2592000,h3-Q046=\":443\"; ma=2592000,h3-Q043=\":443\"; ma=2592000,h3-T050=\":443\"; ma=2592000","accept-ranges":"none","transfer-encoding":"chunked"}
[debug] [2020-04-20T17:51:59.858Z] >>> HTTP REQUEST GET https://cloudfunctions.googleapis.com/v1/operations/bmF0dXJhbC1iZWF1dHktc2hvcC91cy1jZW50cmFsMS9hcGkvNU5FVGxpMDZSa0E  
 
[debug] [2020-04-20T17:52:00.154Z] <<< HTTP RESPONSE 200 {"content-type":"application/json; charset=UTF-8","vary":"X-Origin, Referer, Origin,Accept-Encoding","date":"Mon, 20 Apr 2020 17:51:59 GMT","server":"ESF","cache-control":"private","x-xss-protection":"0","x-frame-options":"SAMEORIGIN","x-content-type-options":"nosniff","alt-svc":"quic=\":443\"; ma=2592000; v=\"46,43\",h3-Q050=\":443\"; ma=2592000,h3-Q049=\":443\"; ma=2592000,h3-Q048=\":443\"; ma=2592000,h3-Q046=\":443\"; ma=2592000,h3-Q043=\":443\"; ma=2592000,h3-T050=\":443\"; ma=2592000","accept-ranges":"none","transfer-encoding":"chunked"}
[debug] [2020-04-20T17:52:02.159Z] >>> HTTP REQUEST GET https://cloudfunctions.googleapis.com/v1/operations/bmF0dXJhbC1iZWF1dHktc2hvcC91cy1jZW50cmFsMS9hcGkvNU5FVGxpMDZSa0E  
 
[debug] [2020-04-20T17:52:02.644Z] <<< HTTP RESPONSE 200 {"content-type":"application/json; charset=UTF-8","vary":"X-Origin, Referer, Origin,Accept-Encoding","date":"Mon, 20 Apr 2020 17:52:02 GMT","server":"ESF","cache-control":"private","x-xss-protection":"0","x-frame-options":"SAMEORIGIN","x-content-type-options":"nosniff","alt-svc":"quic=\":443\"; ma=2592000; v=\"46,43\",h3-Q050=\":443\"; ma=2592000,h3-Q049=\":443\"; ma=2592000,h3-Q048=\":443\"; ma=2592000,h3-Q046=\":443\"; ma=2592000,h3-Q043=\":443\"; ma=2592000,h3-T050=\":443\"; ma=2592000","accept-ranges":"none","transfer-encoding":"chunked"}
[debug] [2020-04-20T17:52:04.644Z] >>> HTTP REQUEST GET https://cloudfunctions.googleapis.com/v1/operations/bmF0dXJhbC1iZWF1dHktc2hvcC91cy1jZW50cmFsMS9hcGkvNU5FVGxpMDZSa0E  
 
[debug] [2020-04-20T17:52:04.964Z] <<< HTTP RESPONSE 200 {"content-type":"application/json; charset=UTF-8","vary":"X-Origin, Referer, Origin,Accept-Encoding","date":"Mon, 20 Apr 2020 17:52:04 GMT","server":"ESF","cache-control":"private","x-xss-protection":"0","x-frame-options":"SAMEORIGIN","x-content-type-options":"nosniff","alt-svc":"quic=\":443\"; ma=2592000; v=\"46,43\",h3-Q050=\":443\"; ma=2592000,h3-Q049=\":443\"; ma=2592000,h3-Q048=\":443\"; ma=2592000,h3-Q046=\":443\"; ma=2592000,h3-Q043=\":443\"; ma=2592000,h3-T050=\":443\"; ma=2592000","accept-ranges":"none","transfer-encoding":"chunked"}
[debug] [2020-04-20T17:52:06.966Z] >>> HTTP REQUEST GET https://cloudfunctions.googleapis.com/v1/operations/bmF0dXJhbC1iZWF1dHktc2hvcC91cy1jZW50cmFsMS9hcGkvNU5FVGxpMDZSa0E  
 
[debug] [2020-04-20T17:52:07.443Z] <<< HTTP RESPONSE 200 {"content-type":"application/json; charset=UTF-8","vary":"X-Origin, Referer, Origin,Accept-Encoding","date":"Mon, 20 Apr 2020 17:52:06 GMT","server":"ESF","cache-control":"private","x-xss-protection":"0","x-frame-options":"SAMEORIGIN","x-content-type-options":"nosniff","alt-svc":"quic=\":443\"; ma=2592000; v=\"46,43\",h3-Q050=\":443\"; ma=2592000,h3-Q049=\":443\"; ma=2592000,h3-Q048=\":443\"; ma=2592000,h3-Q046=\":443\"; ma=2592000,h3-Q043=\":443\"; ma=2592000,h3-T050=\":443\"; ma=2592000","accept-ranges":"none","transfer-encoding":"chunked"}
[debug] [2020-04-20T17:52:09.449Z] >>> HTTP REQUEST GET https://cloudfunctions.googleapis.com/v1/operations/bmF0dXJhbC1iZWF1dHktc2hvcC91cy1jZW50cmFsMS9hcGkvNU5FVGxpMDZSa0E  
 
[debug] [2020-04-20T17:52:09.917Z] <<< HTTP RESPONSE 200 {"content-type":"application/json; charset=UTF-8","vary":"X-Origin, Referer, Origin,Accept-Encoding","date":"Mon, 20 Apr 2020 17:52:09 GMT","server":"ESF","cache-control":"private","x-xss-protection":"0","x-frame-options":"SAMEORIGIN","x-content-type-options":"nosniff","alt-svc":"quic=\":443\"; ma=2592000; v=\"46,43\",h3-Q050=\":443\"; ma=2592000,h3-Q049=\":443\"; ma=2592000,h3-Q048=\":443\"; ma=2592000,h3-Q046=\":443\"; ma=2592000,h3-Q043=\":443\"; ma=2592000,h3-T050=\":443\"; ma=2592000","accept-ranges":"none","transfer-encoding":"chunked"}
[debug] [2020-04-20T17:52:11.919Z] >>> HTTP REQUEST GET https://cloudfunctions.googleapis.com/v1/operations/bmF0dXJhbC1iZWF1dHktc2hvcC91cy1jZW50cmFsMS9hcGkvNU5FVGxpMDZSa0E  
 
[debug] [2020-04-20T17:52:12.403Z] <<< HTTP RESPONSE 200 {"content-type":"application/json; charset=UTF-8","vary":"X-Origin, Referer, Origin,Accept-Encoding","date":"Mon, 20 Apr 2020 17:52:11 GMT","server":"ESF","cache-control":"private","x-xss-protection":"0","x-frame-options":"SAMEORIGIN","x-content-type-options":"nosniff","alt-svc":"quic=\":443\"; ma=2592000; v=\"46,43\",h3-Q050=\":443\"; ma=2592000,h3-Q049=\":443\"; ma=2592000,h3-Q048=\":443\"; ma=2592000,h3-Q046=\":443\"; ma=2592000,h3-Q043=\":443\"; ma=2592000,h3-T050=\":443\"; ma=2592000","accept-ranges":"none","transfer-encoding":"chunked"}
[debug] [2020-04-20T17:52:14.404Z] >>> HTTP REQUEST GET https://cloudfunctions.googleapis.com/v1/operations/bmF0dXJhbC1iZWF1dHktc2hvcC91cy1jZW50cmFsMS9hcGkvNU5FVGxpMDZSa0E  
 
[debug] [2020-04-20T17:52:14.943Z] <<< HTTP RESPONSE 200 {"content-type":"application/json; charset=UTF-8","vary":"X-Origin, Referer, Origin,Accept-Encoding","date":"Mon, 20 Apr 2020 17:52:14 GMT","server":"ESF","cache-control":"private","x-xss-protection":"0","x-frame-options":"SAMEORIGIN","x-content-type-options":"nosniff","alt-svc":"quic=\":443\"; ma=2592000; v=\"46,43\",h3-Q050=\":443\"; ma=2592000,h3-Q049=\":443\"; ma=2592000,h3-Q048=\":443\"; ma=2592000,h3-Q046=\":443\"; ma=2592000,h3-Q043=\":443\"; ma=2592000,h3-T050=\":443\"; ma=2592000","accept-ranges":"none","transfer-encoding":"chunked"}
[debug] [2020-04-20T17:52:16.944Z] >>> HTTP REQUEST GET https://cloudfunctions.googleapis.com/v1/operations/bmF0dXJhbC1iZWF1dHktc2hvcC91cy1jZW50cmFsMS9hcGkvNU5FVGxpMDZSa0E  
 
[debug] [2020-04-20T17:52:17.422Z] <<< HTTP RESPONSE 200 {"content-type":"application/json; charset=UTF-8","vary":"X-Origin, Referer, Origin,Accept-Encoding","date":"Mon, 20 Apr 2020 17:52:16 GMT","server":"ESF","cache-control":"private","x-xss-protection":"0","x-frame-options":"SAMEORIGIN","x-content-type-options":"nosniff","alt-svc":"quic=\":443\"; ma=2592000; v=\"46,43\",h3-Q050=\":443\"; ma=2592000,h3-Q049=\":443\"; ma=2592000,h3-Q048=\":443\"; ma=2592000,h3-Q046=\":443\"; ma=2592000,h3-Q043=\":443\"; ma=2592000,h3-T050=\":443\"; ma=2592000","accept-ranges":"none","transfer-encoding":"chunked"}
[debug] [2020-04-20T17:52:19.422Z] >>> HTTP REQUEST GET https://cloudfunctions.googleapis.com/v1/operations/bmF0dXJhbC1iZWF1dHktc2hvcC91cy1jZW50cmFsMS9hcGkvNU5FVGxpMDZSa0E  
 
[debug] [2020-04-20T17:52:19.701Z] <<< HTTP RESPONSE 200 {"content-type":"application/json; charset=UTF-8","vary":"X-Origin, Referer, Origin,Accept-Encoding","date":"Mon, 20 Apr 2020 17:52:19 GMT","server":"ESF","cache-control":"private","x-xss-protection":"0","x-frame-options":"SAMEORIGIN","x-content-type-options":"nosniff","alt-svc":"quic=\":443\"; ma=2592000; v=\"46,43\",h3-Q050=\":443\"; ma=2592000,h3-Q049=\":443\"; ma=2592000,h3-Q048=\":443\"; ma=2592000,h3-Q046=\":443\"; ma=2592000,h3-Q043=\":443\"; ma=2592000,h3-T050=\":443\"; ma=2592000","accept-ranges":"none","transfer-encoding":"chunked"}
[debug] [2020-04-20T17:52:21.704Z] >>> HTTP REQUEST GET https://cloudfunctions.googleapis.com/v1/operations/bmF0dXJhbC1iZWF1dHktc2hvcC91cy1jZW50cmFsMS9hcGkvNU5FVGxpMDZSa0E  
 
[debug] [2020-04-20T17:52:22.185Z] <<< HTTP RESPONSE 200 {"content-type":"application/json; charset=UTF-8","vary":"X-Origin, Referer, Origin,Accept-Encoding","date":"Mon, 20 Apr 2020 17:52:21 GMT","server":"ESF","cache-control":"private","x-xss-protection":"0","x-frame-options":"SAMEORIGIN","x-content-type-options":"nosniff","alt-svc":"quic=\":443\"; ma=2592000; v=\"46,43\",h3-Q050=\":443\"; ma=2592000,h3-Q049=\":443\"; ma=2592000,h3-Q048=\":443\"; ma=2592000,h3-Q046=\":443\"; ma=2592000,h3-Q043=\":443\"; ma=2592000,h3-T050=\":443\"; ma=2592000","accept-ranges":"none","transfer-encoding":"chunked"}
[debug] [2020-04-20T17:52:24.186Z] >>> HTTP REQUEST GET https://cloudfunctions.googleapis.com/v1/operations/bmF0dXJhbC1iZWF1dHktc2hvcC91cy1jZW50cmFsMS9hcGkvNU5FVGxpMDZSa0E  
 
[debug] [2020-04-20T17:52:24.460Z] <<< HTTP RESPONSE 200 {"content-type":"application/json; charset=UTF-8","vary":"X-Origin, Referer, Origin,Accept-Encoding","date":"Mon, 20 Apr 2020 17:52:23 GMT","server":"ESF","cache-control":"private","x-xss-protection":"0","x-frame-options":"SAMEORIGIN","x-content-type-options":"nosniff","alt-svc":"quic=\":443\"; ma=2592000; v=\"46,43\",h3-Q050=\":443\"; ma=2592000,h3-Q049=\":443\"; ma=2592000,h3-Q048=\":443\"; ma=2592000,h3-Q046=\":443\"; ma=2592000,h3-Q043=\":443\"; ma=2592000,h3-T050=\":443\"; ma=2592000","accept-ranges":"none","transfer-encoding":"chunked"}
[warn] !  functions[api(us-central1)]: Deployment error.
[info] Function failed on loading user code. Error message: Code in file index.js can't be loaded.
Did you list all required modules in the package.json dependencies?
Detailed stack trace: Error: Cannot find module '../server'
    at Function.Module._resolveFilename (module.js:548:15)
    at Function.Module._load (module.js:475:25)
    at Module.require (module.js:597:17)
    at require (internal/module.js:11:18)
    at Object.<anonymous> (/srv/index.js:2:13)
    at Module._compile (module.js:653:30)
    at Object.Module._extensions..js (module.js:664:10)
    at Module.load (module.js:566:32)
    at tryModuleLoad (module.js:506:12)
    at Function.Module._load (module.js:498:3)
[info] 

Functions deploy had errors with the following functions:
[info] 	api
[info] 

To try redeploying those functions, run:
[info]     firebase deploy --only functions:api
[info] 

To continue deploying other features (such as database), run:
[info]     firebase deploy --except functions
[error] 
[error] Error: Functions did not deploy properly.
